{"C:\\Users\\dhusnieh\\Desktop\\work\\node-training\\todo\\src\\App.js": {"path":"C:\\Users\\dhusnieh\\Desktop\\work\\node-training\\todo\\src\\App.js","statementMap":{"0":{"start":{"line":8,"column":2},"end":{"line":16,"column":4}}},"fnMap":{"0":{"name":"App","decl":{"start":{"line":7,"column":9},"end":{"line":7,"column":12}},"loc":{"start":{"line":7,"column":15},"end":{"line":17,"column":1}},"line":7}},"branchMap":{},"s":{"0":0},"f":{"0":0},"b":{},"hash":"579267dfe563244828f3c2887f2f0ccf729f1cf5"}
,"C:\\Users\\dhusnieh\\Desktop\\work\\node-training\\todo\\src\\index.js": {"path":"C:\\Users\\dhusnieh\\Desktop\\work\\node-training\\todo\\src\\index.js","statementMap":{"0":{"start":{"line":9,"column":0},"end":{"line":16,"column":2}},"1":{"start":{"line":21,"column":0},"end":{"line":21,"column":27}}},"fnMap":{},"branchMap":{},"s":{"0":0,"1":0},"f":{},"b":{},"hash":"f33b392ff07d9cf53b4aea673df5377d1e1f125c"}
,"C:\\Users\\dhusnieh\\Desktop\\work\\node-training\\todo\\src\\serviceWorker.js": {"path":"C:\\Users\\dhusnieh\\Desktop\\work\\node-training\\todo\\src\\serviceWorker.js","statementMap":{"0":{"start":{"line":13,"column":20},"end":{"line":21,"column":1}},"1":{"start":{"line":24,"column":2},"end":{"line":54,"column":3}},"2":{"start":{"line":26,"column":22},"end":{"line":26,"column":75}},"3":{"start":{"line":27,"column":4},"end":{"line":32,"column":5}},"4":{"start":{"line":31,"column":6},"end":{"line":31,"column":13}},"5":{"start":{"line":34,"column":4},"end":{"line":53,"column":7}},"6":{"start":{"line":35,"column":20},"end":{"line":35,"column":65}},"7":{"start":{"line":37,"column":6},"end":{"line":52,"column":7}},"8":{"start":{"line":39,"column":8},"end":{"line":39,"column":47}},"9":{"start":{"line":43,"column":8},"end":{"line":48,"column":11}},"10":{"start":{"line":44,"column":10},"end":{"line":47,"column":12}},"11":{"start":{"line":51,"column":8},"end":{"line":51,"column":39}},"12":{"start":{"line":58,"column":2},"end":{"line":98,"column":7}},"13":{"start":{"line":61,"column":6},"end":{"line":94,"column":8}},"14":{"start":{"line":62,"column":33},"end":{"line":62,"column":56}},"15":{"start":{"line":63,"column":8},"end":{"line":65,"column":9}},"16":{"start":{"line":64,"column":10},"end":{"line":64,"column":17}},"17":{"start":{"line":66,"column":8},"end":{"line":93,"column":10}},"18":{"start":{"line":67,"column":10},"end":{"line":92,"column":11}},"19":{"start":{"line":68,"column":12},"end":{"line":91,"column":13}},"20":{"start":{"line":72,"column":14},"end":{"line":75,"column":16}},"21":{"start":{"line":78,"column":14},"end":{"line":80,"column":15}},"22":{"start":{"line":79,"column":16},"end":{"line":79,"column":46}},"23":{"start":{"line":85,"column":14},"end":{"line":85,"column":64}},"24":{"start":{"line":88,"column":14},"end":{"line":90,"column":15}},"25":{"start":{"line":89,"column":16},"end":{"line":89,"column":47}},"26":{"start":{"line":97,"column":6},"end":{"line":97,"column":72}},"27":{"start":{"line":103,"column":2},"end":{"line":128,"column":7}},"28":{"start":{"line":108,"column":26},"end":{"line":108,"column":62}},"29":{"start":{"line":109,"column":6},"end":{"line":122,"column":7}},"30":{"start":{"line":114,"column":8},"end":{"line":118,"column":11}},"31":{"start":{"line":115,"column":10},"end":{"line":117,"column":13}},"32":{"start":{"line":116,"column":12},"end":{"line":116,"column":37}},"33":{"start":{"line":121,"column":8},"end":{"line":121,"column":39}},"34":{"start":{"line":125,"column":6},"end":{"line":127,"column":8}},"35":{"start":{"line":132,"column":2},"end":{"line":140,"column":3}},"36":{"start":{"line":133,"column":4},"end":{"line":139,"column":9}},"37":{"start":{"line":135,"column":8},"end":{"line":135,"column":34}},"38":{"start":{"line":138,"column":8},"end":{"line":138,"column":37}}},"fnMap":{"0":{"name":"register","decl":{"start":{"line":23,"column":16},"end":{"line":23,"column":24}},"loc":{"start":{"line":23,"column":33},"end":{"line":55,"column":1}},"line":23},"1":{"name":"(anonymous_1)","decl":{"start":{"line":34,"column":36},"end":{"line":34,"column":37}},"loc":{"start":{"line":34,"column":42},"end":{"line":53,"column":5}},"line":34},"2":{"name":"(anonymous_2)","decl":{"start":{"line":43,"column":43},"end":{"line":43,"column":44}},"loc":{"start":{"line":43,"column":49},"end":{"line":48,"column":9}},"line":43},"3":{"name":"registerValidSW","decl":{"start":{"line":57,"column":9},"end":{"line":57,"column":24}},"loc":{"start":{"line":57,"column":40},"end":{"line":99,"column":1}},"line":57},"4":{"name":"(anonymous_4)","decl":{"start":{"line":60,"column":10},"end":{"line":60,"column":11}},"loc":{"start":{"line":60,"column":26},"end":{"line":95,"column":5}},"line":60},"5":{"name":"(anonymous_5)","decl":{"start":{"line":61,"column":35},"end":{"line":61,"column":36}},"loc":{"start":{"line":61,"column":41},"end":{"line":94,"column":7}},"line":61},"6":{"name":"(anonymous_6)","decl":{"start":{"line":66,"column":41},"end":{"line":66,"column":42}},"loc":{"start":{"line":66,"column":47},"end":{"line":93,"column":9}},"line":66},"7":{"name":"(anonymous_7)","decl":{"start":{"line":96,"column":11},"end":{"line":96,"column":12}},"loc":{"start":{"line":96,"column":20},"end":{"line":98,"column":5}},"line":96},"8":{"name":"checkValidServiceWorker","decl":{"start":{"line":101,"column":9},"end":{"line":101,"column":32}},"loc":{"start":{"line":101,"column":48},"end":{"line":129,"column":1}},"line":101},"9":{"name":"(anonymous_9)","decl":{"start":{"line":106,"column":10},"end":{"line":106,"column":11}},"loc":{"start":{"line":106,"column":22},"end":{"line":123,"column":5}},"line":106},"10":{"name":"(anonymous_10)","decl":{"start":{"line":114,"column":43},"end":{"line":114,"column":44}},"loc":{"start":{"line":114,"column":59},"end":{"line":118,"column":9}},"line":114},"11":{"name":"(anonymous_11)","decl":{"start":{"line":115,"column":41},"end":{"line":115,"column":42}},"loc":{"start":{"line":115,"column":47},"end":{"line":117,"column":11}},"line":115},"12":{"name":"(anonymous_12)","decl":{"start":{"line":124,"column":11},"end":{"line":124,"column":12}},"loc":{"start":{"line":124,"column":17},"end":{"line":128,"column":5}},"line":124},"13":{"name":"unregister","decl":{"start":{"line":131,"column":16},"end":{"line":131,"column":26}},"loc":{"start":{"line":131,"column":29},"end":{"line":141,"column":1}},"line":131},"14":{"name":"(anonymous_14)","decl":{"start":{"line":134,"column":12},"end":{"line":134,"column":13}},"loc":{"start":{"line":134,"column":28},"end":{"line":136,"column":7}},"line":134},"15":{"name":"(anonymous_15)","decl":{"start":{"line":137,"column":13},"end":{"line":137,"column":14}},"loc":{"start":{"line":137,"column":22},"end":{"line":139,"column":7}},"line":137}},"branchMap":{"0":{"loc":{"start":{"line":14,"column":2},"end":{"line":20,"column":5}},"type":"binary-expr","locations":[{"start":{"line":14,"column":2},"end":{"line":14,"column":42}},{"start":{"line":16,"column":4},"end":{"line":16,"column":40}},{"start":{"line":18,"column":4},"end":{"line":20,"column":5}}],"line":14},"1":{"loc":{"start":{"line":24,"column":2},"end":{"line":54,"column":3}},"type":"if","locations":[{"start":{"line":24,"column":2},"end":{"line":54,"column":3}},{"start":{"line":24,"column":2},"end":{"line":54,"column":3}}],"line":24},"2":{"loc":{"start":{"line":24,"column":6},"end":{"line":24,"column":75}},"type":"binary-expr","locations":[{"start":{"line":24,"column":6},"end":{"line":24,"column":43}},{"start":{"line":24,"column":47},"end":{"line":24,"column":75}}],"line":24},"3":{"loc":{"start":{"line":27,"column":4},"end":{"line":32,"column":5}},"type":"if","locations":[{"start":{"line":27,"column":4},"end":{"line":32,"column":5}},{"start":{"line":27,"column":4},"end":{"line":32,"column":5}}],"line":27},"4":{"loc":{"start":{"line":37,"column":6},"end":{"line":52,"column":7}},"type":"if","locations":[{"start":{"line":37,"column":6},"end":{"line":52,"column":7}},{"start":{"line":37,"column":6},"end":{"line":52,"column":7}}],"line":37},"5":{"loc":{"start":{"line":63,"column":8},"end":{"line":65,"column":9}},"type":"if","locations":[{"start":{"line":63,"column":8},"end":{"line":65,"column":9}},{"start":{"line":63,"column":8},"end":{"line":65,"column":9}}],"line":63},"6":{"loc":{"start":{"line":67,"column":10},"end":{"line":92,"column":11}},"type":"if","locations":[{"start":{"line":67,"column":10},"end":{"line":92,"column":11}},{"start":{"line":67,"column":10},"end":{"line":92,"column":11}}],"line":67},"7":{"loc":{"start":{"line":68,"column":12},"end":{"line":91,"column":13}},"type":"if","locations":[{"start":{"line":68,"column":12},"end":{"line":91,"column":13}},{"start":{"line":68,"column":12},"end":{"line":91,"column":13}}],"line":68},"8":{"loc":{"start":{"line":78,"column":14},"end":{"line":80,"column":15}},"type":"if","locations":[{"start":{"line":78,"column":14},"end":{"line":80,"column":15}},{"start":{"line":78,"column":14},"end":{"line":80,"column":15}}],"line":78},"9":{"loc":{"start":{"line":78,"column":18},"end":{"line":78,"column":43}},"type":"binary-expr","locations":[{"start":{"line":78,"column":18},"end":{"line":78,"column":24}},{"start":{"line":78,"column":28},"end":{"line":78,"column":43}}],"line":78},"10":{"loc":{"start":{"line":88,"column":14},"end":{"line":90,"column":15}},"type":"if","locations":[{"start":{"line":88,"column":14},"end":{"line":90,"column":15}},{"start":{"line":88,"column":14},"end":{"line":90,"column":15}}],"line":88},"11":{"loc":{"start":{"line":88,"column":18},"end":{"line":88,"column":44}},"type":"binary-expr","locations":[{"start":{"line":88,"column":18},"end":{"line":88,"column":24}},{"start":{"line":88,"column":28},"end":{"line":88,"column":44}}],"line":88},"12":{"loc":{"start":{"line":109,"column":6},"end":{"line":122,"column":7}},"type":"if","locations":[{"start":{"line":109,"column":6},"end":{"line":122,"column":7}},{"start":{"line":109,"column":6},"end":{"line":122,"column":7}}],"line":109},"13":{"loc":{"start":{"line":110,"column":8},"end":{"line":111,"column":73}},"type":"binary-expr","locations":[{"start":{"line":110,"column":8},"end":{"line":110,"column":31}},{"start":{"line":111,"column":9},"end":{"line":111,"column":28}},{"start":{"line":111,"column":32},"end":{"line":111,"column":72}}],"line":110},"14":{"loc":{"start":{"line":132,"column":2},"end":{"line":140,"column":3}},"type":"if","locations":[{"start":{"line":132,"column":2},"end":{"line":140,"column":3}},{"start":{"line":132,"column":2},"end":{"line":140,"column":3}}],"line":132}},"s":{"0":0,"1":0,"2":0,"3":0,"4":0,"5":0,"6":0,"7":0,"8":0,"9":0,"10":0,"11":0,"12":0,"13":0,"14":0,"15":0,"16":0,"17":0,"18":0,"19":0,"20":0,"21":0,"22":0,"23":0,"24":0,"25":0,"26":0,"27":0,"28":0,"29":0,"30":0,"31":0,"32":0,"33":0,"34":0,"35":0,"36":0,"37":0,"38":0},"f":{"0":0,"1":0,"2":0,"3":0,"4":0,"5":0,"6":0,"7":0,"8":0,"9":0,"10":0,"11":0,"12":0,"13":0,"14":0,"15":0},"b":{"0":[0,0,0],"1":[0,0],"2":[0,0],"3":[0,0],"4":[0,0],"5":[0,0],"6":[0,0],"7":[0,0],"8":[0,0],"9":[0,0],"10":[0,0],"11":[0,0],"12":[0,0],"13":[0,0,0],"14":[0,0]},"hash":"486d1e773065b94e07a338ce75805f3392c64f7b"}
,"C:\\Users\\dhusnieh\\Desktop\\work\\node-training\\todo\\src\\sum.js": {"path":"C:\\Users\\dhusnieh\\Desktop\\work\\node-training\\todo\\src\\sum.js","statementMap":{"0":{"start":{"line":2,"column":4},"end":{"line":2,"column":17}},"1":{"start":{"line":4,"column":2},"end":{"line":4,"column":23}}},"fnMap":{"0":{"name":"sum","decl":{"start":{"line":1,"column":9},"end":{"line":1,"column":12}},"loc":{"start":{"line":1,"column":19},"end":{"line":3,"column":3}},"line":1}},"branchMap":{},"s":{"0":0,"1":0},"f":{"0":0},"b":{},"hash":"de8957be13729d08b4e95f90208e7db3ca1d2fd0"}
,"C:\\Users\\dhusnieh\\Desktop\\work\\node-training\\todo\\src\\sum.testa.js": {"path":"C:\\Users\\dhusnieh\\Desktop\\work\\node-training\\todo\\src\\sum.testa.js","statementMap":{"0":{"start":{"line":1,"column":12},"end":{"line":1,"column":28}},"1":{"start":{"line":3,"column":0},"end":{"line":7,"column":2}},"2":{"start":{"line":5,"column":4},"end":{"line":5,"column":28}}},"fnMap":{"0":{"name":"(anonymous_0)","decl":{"start":{"line":3,"column":20},"end":{"line":3,"column":21}},"loc":{"start":{"line":3,"column":25},"end":{"line":7,"column":1}},"line":3}},"branchMap":{},"s":{"0":0,"1":0,"2":0},"f":{"0":0},"b":{},"hash":"a989597e302be5190dba9a370daa48a8f7da5f73"}
,"C:\\Users\\dhusnieh\\Desktop\\work\\node-training\\todo\\src\\component\\CreateItem.js": {"path":"C:\\Users\\dhusnieh\\Desktop\\work\\node-training\\todo\\src\\component\\CreateItem.js","statementMap":{"0":{"start":{"line":14,"column":19},"end":{"line":71,"column":1}},"1":{"start":{"line":15,"column":27},"end":{"line":15,"column":39}},"2":{"start":{"line":16,"column":25},"end":{"line":16,"column":37}},"3":{"start":{"line":18,"column":23},"end":{"line":21,"column":2}},"4":{"start":{"line":19,"column":17},"end":{"line":19,"column":47}},"5":{"start":{"line":20,"column":2},"end":{"line":20,"column":39}},"6":{"start":{"line":23,"column":19},"end":{"line":36,"column":4}},"7":{"start":{"line":23,"column":42},"end":{"line":36,"column":2}},"8":{"start":{"line":38,"column":17},"end":{"line":38,"column":28}},"9":{"start":{"line":39,"column":33},"end":{"line":39,"column":48}},"10":{"start":{"line":41,"column":22},"end":{"line":43,"column":2}},"11":{"start":{"line":41,"column":33},"end":{"line":43,"column":2}},"12":{"start":{"line":42,"column":2},"end":{"line":42,"column":42}},"13":{"start":{"line":45,"column":1},"end":{"line":70,"column":3}},"14":{"start":{"line":58,"column":71},"end":{"line":58,"column":95}},"15":{"start":{"line":60,"column":69},"end":{"line":60,"column":92}},"16":{"start":{"line":73,"column":24},"end":{"line":77,"column":1}},"17":{"start":{"line":74,"column":1},"end":{"line":76,"column":3}},"18":{"start":{"line":79,"column":24},"end":{"line":89,"column":1}},"19":{"start":{"line":80,"column":1},"end":{"line":88,"column":3}},"20":{"start":{"line":82,"column":3},"end":{"line":87,"column":5}}},"fnMap":{"0":{"name":"(anonymous_0)","decl":{"start":{"line":14,"column":19},"end":{"line":14,"column":20}},"loc":{"start":{"line":14,"column":30},"end":{"line":71,"column":1}},"line":14},"1":{"name":"(anonymous_1)","decl":{"start":{"line":18,"column":23},"end":{"line":18,"column":24}},"loc":{"start":{"line":18,"column":29},"end":{"line":21,"column":2}},"line":18},"2":{"name":"(anonymous_2)","decl":{"start":{"line":23,"column":30},"end":{"line":23,"column":31}},"loc":{"start":{"line":23,"column":42},"end":{"line":36,"column":2}},"line":23},"3":{"name":"(anonymous_3)","decl":{"start":{"line":41,"column":22},"end":{"line":41,"column":23}},"loc":{"start":{"line":41,"column":33},"end":{"line":43,"column":2}},"line":41},"4":{"name":"(anonymous_4)","decl":{"start":{"line":41,"column":33},"end":{"line":41,"column":34}},"loc":{"start":{"line":41,"column":56},"end":{"line":43,"column":2}},"line":41},"5":{"name":"(anonymous_5)","decl":{"start":{"line":58,"column":64},"end":{"line":58,"column":65}},"loc":{"start":{"line":58,"column":71},"end":{"line":58,"column":95}},"line":58},"6":{"name":"(anonymous_6)","decl":{"start":{"line":60,"column":62},"end":{"line":60,"column":63}},"loc":{"start":{"line":60,"column":69},"end":{"line":60,"column":92}},"line":60},"7":{"name":"(anonymous_7)","decl":{"start":{"line":73,"column":24},"end":{"line":73,"column":25}},"loc":{"start":{"line":73,"column":35},"end":{"line":77,"column":1}},"line":73},"8":{"name":"(anonymous_8)","decl":{"start":{"line":79,"column":24},"end":{"line":79,"column":25}},"loc":{"start":{"line":79,"column":38},"end":{"line":89,"column":1}},"line":79},"9":{"name":"(anonymous_9)","decl":{"start":{"line":81,"column":13},"end":{"line":81,"column":14}},"loc":{"start":{"line":82,"column":3},"end":{"line":87,"column":5}},"line":82}},"branchMap":{"0":{"loc":{"start":{"line":42,"column":14},"end":{"line":42,"column":40}},"type":"cond-expr","locations":[{"start":{"line":42,"column":27},"end":{"line":42,"column":32}},{"start":{"line":42,"column":35},"end":{"line":42,"column":40}}],"line":42}},"s":{"0":1,"1":9,"2":9,"3":9,"4":2,"5":2,"6":9,"7":9,"8":9,"9":9,"10":9,"11":9,"12":0,"13":9,"14":1,"15":1,"16":1,"17":9,"18":1,"19":3,"20":2},"f":{"0":9,"1":2,"2":9,"3":9,"4":0,"5":1,"6":1,"7":9,"8":3,"9":2},"b":{"0":[0,0]},"_coverageSchema":"43e27e138ebf9cfc5966b082cf9a028302ed4184","hash":"2b83366e8819089b47790c36674f1be3fb06ab21"}
,"C:\\Users\\dhusnieh\\Desktop\\work\\node-training\\todo\\src\\component\\Item.js": {"path":"C:\\Users\\dhusnieh\\Desktop\\work\\node-training\\todo\\src\\component\\Item.js","statementMap":{"0":{"start":{"line":14,"column":19},"end":{"line":18,"column":4}},"1":{"start":{"line":14,"column":42},"end":{"line":18,"column":2}},"2":{"start":{"line":19,"column":17},"end":{"line":19,"column":28}},"3":{"start":{"line":21,"column":1},"end":{"line":42,"column":3}}},"fnMap":{"0":{"name":"Item","decl":{"start":{"line":13,"column":24},"end":{"line":13,"column":28}},"loc":{"start":{"line":13,"column":36},"end":{"line":43,"column":1}},"line":13},"1":{"name":"(anonymous_1)","decl":{"start":{"line":14,"column":30},"end":{"line":14,"column":31}},"loc":{"start":{"line":14,"column":42},"end":{"line":18,"column":2}},"line":14}},"branchMap":{},"s":{"0":11,"1":11,"2":11,"3":11},"f":{"0":11,"1":11},"b":{},"_coverageSchema":"43e27e138ebf9cfc5966b082cf9a028302ed4184","hash":"46cbc4bcaee1bad01c41fc3058829b2272dbda1b"}
,"C:\\Users\\dhusnieh\\Desktop\\work\\node-training\\todo\\src\\pages\\Login.js": {"path":"C:\\Users\\dhusnieh\\Desktop\\work\\node-training\\todo\\src\\pages\\Login.js","statementMap":{"0":{"start":{"line":10,"column":33},"end":{"line":10,"column":45}},"1":{"start":{"line":11,"column":33},"end":{"line":11,"column":45}},"2":{"start":{"line":12,"column":15},"end":{"line":12,"column":27}},"3":{"start":{"line":14,"column":22},"end":{"line":16,"column":2}},"4":{"start":{"line":15,"column":2},"end":{"line":15,"column":24}},"5":{"start":{"line":18,"column":1},"end":{"line":29,"column":49}},"6":{"start":{"line":19,"column":2},"end":{"line":28,"column":3}},"7":{"start":{"line":20,"column":3},"end":{"line":20,"column":23}},"8":{"start":{"line":22,"column":3},"end":{"line":27,"column":6}},"9":{"start":{"line":23,"column":4},"end":{"line":26,"column":5}},"10":{"start":{"line":24,"column":5},"end":{"line":24,"column":48}},"11":{"start":{"line":25,"column":5},"end":{"line":25,"column":45}},"12":{"start":{"line":31,"column":1},"end":{"line":58,"column":3}},"13":{"start":{"line":40,"column":21},"end":{"line":40,"column":48}},"14":{"start":{"line":49,"column":21},"end":{"line":49,"column":48}},"15":{"start":{"line":61,"column":24},"end":{"line":66,"column":1}},"16":{"start":{"line":62,"column":1},"end":{"line":65,"column":3}},"17":{"start":{"line":68,"column":24},"end":{"line":72,"column":1}},"18":{"start":{"line":69,"column":1},"end":{"line":71,"column":3}},"19":{"start":{"line":70,"column":23},"end":{"line":70,"column":52}}},"fnMap":{"0":{"name":"Login","decl":{"start":{"line":9,"column":9},"end":{"line":9,"column":14}},"loc":{"start":{"line":9,"column":22},"end":{"line":59,"column":1}},"line":9},"1":{"name":"(anonymous_1)","decl":{"start":{"line":14,"column":22},"end":{"line":14,"column":23}},"loc":{"start":{"line":14,"column":28},"end":{"line":16,"column":2}},"line":14},"2":{"name":"(anonymous_2)","decl":{"start":{"line":18,"column":11},"end":{"line":18,"column":12}},"loc":{"start":{"line":18,"column":17},"end":{"line":29,"column":2}},"line":18},"3":{"name":"(anonymous_3)","decl":{"start":{"line":22,"column":24},"end":{"line":22,"column":25}},"loc":{"start":{"line":22,"column":37},"end":{"line":27,"column":4}},"line":22},"4":{"name":"(anonymous_4)","decl":{"start":{"line":40,"column":14},"end":{"line":40,"column":15}},"loc":{"start":{"line":40,"column":21},"end":{"line":40,"column":48}},"line":40},"5":{"name":"(anonymous_5)","decl":{"start":{"line":49,"column":14},"end":{"line":49,"column":15}},"loc":{"start":{"line":49,"column":21},"end":{"line":49,"column":48}},"line":49},"6":{"name":"(anonymous_6)","decl":{"start":{"line":61,"column":24},"end":{"line":61,"column":25}},"loc":{"start":{"line":61,"column":35},"end":{"line":66,"column":1}},"line":61},"7":{"name":"(anonymous_7)","decl":{"start":{"line":68,"column":24},"end":{"line":68,"column":25}},"loc":{"start":{"line":68,"column":38},"end":{"line":72,"column":1}},"line":68},"8":{"name":"(anonymous_8)","decl":{"start":{"line":70,"column":17},"end":{"line":70,"column":18}},"loc":{"start":{"line":70,"column":23},"end":{"line":70,"column":52}},"line":70}},"branchMap":{"0":{"loc":{"start":{"line":19,"column":2},"end":{"line":28,"column":3}},"type":"if","locations":[{"start":{"line":19,"column":2},"end":{"line":28,"column":3}},{"start":{"line":19,"column":2},"end":{"line":28,"column":3}}],"line":19},"1":{"loc":{"start":{"line":23,"column":4},"end":{"line":26,"column":5}},"type":"if","locations":[{"start":{"line":23,"column":4},"end":{"line":26,"column":5}},{"start":{"line":23,"column":4},"end":{"line":26,"column":5}}],"line":23},"2":{"loc":{"start":{"line":23,"column":8},"end":{"line":23,"column":70}},"type":"binary-expr","locations":[{"start":{"line":23,"column":8},"end":{"line":23,"column":37}},{"start":{"line":23,"column":41},"end":{"line":23,"column":70}}],"line":23}},"s":{"0":5,"1":5,"2":5,"3":5,"4":1,"5":5,"6":4,"7":4,"8":4,"9":8,"10":1,"11":1,"12":5,"13":1,"14":1,"15":1,"16":3,"17":1,"18":2,"19":1},"f":{"0":5,"1":1,"2":4,"3":8,"4":1,"5":1,"6":3,"7":2,"8":1},"b":{"0":[4,0],"1":[1,7],"2":[8,2]},"_coverageSchema":"43e27e138ebf9cfc5966b082cf9a028302ed4184","hash":"cd63e7d1af075a37a8efce0b273df3c620c5be94"}
,"C:\\Users\\dhusnieh\\Desktop\\work\\node-training\\todo\\src\\pages\\TodoList.js": {"path":"C:\\Users\\dhusnieh\\Desktop\\work\\node-training\\todo\\src\\pages\\TodoList.js","statementMap":{"0":{"start":{"line":10,"column":17},"end":{"line":106,"column":1}},"1":{"start":{"line":11,"column":15},"end":{"line":11,"column":27}},"2":{"start":{"line":12,"column":16},"end":{"line":12,"column":21}},"3":{"start":{"line":13,"column":27},"end":{"line":13,"column":39}},"4":{"start":{"line":15,"column":1},"end":{"line":28,"column":8}},"5":{"start":{"line":16,"column":11},"end":{"line":16,"column":41}},"6":{"start":{"line":18,"column":14},"end":{"line":18,"column":46}},"7":{"start":{"line":19,"column":2},"end":{"line":21,"column":3}},"8":{"start":{"line":20,"column":3},"end":{"line":20,"column":24}},"9":{"start":{"line":23,"column":2},"end":{"line":27,"column":3}},"10":{"start":{"line":24,"column":3},"end":{"line":24,"column":28}},"11":{"start":{"line":26,"column":3},"end":{"line":26,"column":24}},"12":{"start":{"line":30,"column":1},"end":{"line":56,"column":22}},"13":{"start":{"line":33,"column":2},"end":{"line":55,"column":3}},"14":{"start":{"line":34,"column":3},"end":{"line":34,"column":22}},"15":{"start":{"line":35,"column":3},"end":{"line":37,"column":6}},"16":{"start":{"line":36,"column":4},"end":{"line":36,"column":66}},"17":{"start":{"line":39,"column":17},"end":{"line":53,"column":5}},"18":{"start":{"line":40,"column":4},"end":{"line":52,"column":6}},"19":{"start":{"line":45,"column":24},"end":{"line":45,"column":49}},"20":{"start":{"line":46,"column":22},"end":{"line":46,"column":65}},"21":{"start":{"line":54,"column":3},"end":{"line":54,"column":19}},"22":{"start":{"line":58,"column":26},"end":{"line":60,"column":2}},"23":{"start":{"line":59,"column":2},"end":{"line":59,"column":26}},"24":{"start":{"line":62,"column":24},"end":{"line":84,"column":2}},"25":{"start":{"line":63,"column":12},"end":{"line":63,"column":86}},"26":{"start":{"line":64,"column":2},"end":{"line":64,"column":33}},"27":{"start":{"line":65,"column":2},"end":{"line":65,"column":33}},"28":{"start":{"line":67,"column":2},"end":{"line":83,"column":3}},"29":{"start":{"line":68,"column":3},"end":{"line":68,"column":20}},"30":{"start":{"line":69,"column":3},"end":{"line":69,"column":32}},"31":{"start":{"line":70,"column":3},"end":{"line":70,"column":32}},"32":{"start":{"line":71,"column":15},"end":{"line":71,"column":18}},"33":{"start":{"line":72,"column":17},"end":{"line":72,"column":33}},"34":{"start":{"line":73,"column":16},"end":{"line":73,"column":32}},"35":{"start":{"line":75,"column":3},"end":{"line":75,"column":52}},"36":{"start":{"line":77,"column":3},"end":{"line":77,"column":33}},"37":{"start":{"line":78,"column":3},"end":{"line":78,"column":33}},"38":{"start":{"line":79,"column":3},"end":{"line":79,"column":30}},"39":{"start":{"line":80,"column":3},"end":{"line":80,"column":30}},"40":{"start":{"line":82,"column":3},"end":{"line":82,"column":19}},"41":{"start":{"line":86,"column":22},"end":{"line":89,"column":2}},"42":{"start":{"line":87,"column":2},"end":{"line":87,"column":23}},"43":{"start":{"line":88,"column":2},"end":{"line":88,"column":20}},"44":{"start":{"line":90,"column":1},"end":{"line":105,"column":3}},"45":{"start":{"line":108,"column":24},"end":{"line":113,"column":1}},"46":{"start":{"line":109,"column":1},"end":{"line":112,"column":3}},"47":{"start":{"line":115,"column":24},"end":{"line":129,"column":1}},"48":{"start":{"line":116,"column":1},"end":{"line":128,"column":3}},"49":{"start":{"line":117,"column":26},"end":{"line":117,"column":68}},"50":{"start":{"line":118,"column":25},"end":{"line":118,"column":72}},"51":{"start":{"line":120,"column":3},"end":{"line":127,"column":5}}},"fnMap":{"0":{"name":"(anonymous_0)","decl":{"start":{"line":10,"column":17},"end":{"line":10,"column":18}},"loc":{"start":{"line":10,"column":28},"end":{"line":106,"column":1}},"line":10},"1":{"name":"(anonymous_1)","decl":{"start":{"line":15,"column":11},"end":{"line":15,"column":12}},"loc":{"start":{"line":15,"column":17},"end":{"line":28,"column":2}},"line":15},"2":{"name":"(anonymous_2)","decl":{"start":{"line":30,"column":11},"end":{"line":30,"column":12}},"loc":{"start":{"line":30,"column":17},"end":{"line":56,"column":2}},"line":30},"3":{"name":"(anonymous_3)","decl":{"start":{"line":35,"column":32},"end":{"line":35,"column":33}},"loc":{"start":{"line":35,"column":45},"end":{"line":37,"column":4}},"line":35},"4":{"name":"(anonymous_4)","decl":{"start":{"line":39,"column":26},"end":{"line":39,"column":27}},"loc":{"start":{"line":39,"column":43},"end":{"line":53,"column":4}},"line":39},"5":{"name":"(anonymous_5)","decl":{"start":{"line":45,"column":18},"end":{"line":45,"column":19}},"loc":{"start":{"line":45,"column":24},"end":{"line":45,"column":49}},"line":45},"6":{"name":"(anonymous_6)","decl":{"start":{"line":46,"column":16},"end":{"line":46,"column":17}},"loc":{"start":{"line":46,"column":22},"end":{"line":46,"column":65}},"line":46},"7":{"name":"(anonymous_7)","decl":{"start":{"line":58,"column":26},"end":{"line":58,"column":27}},"loc":{"start":{"line":58,"column":34},"end":{"line":60,"column":2}},"line":58},"8":{"name":"(anonymous_8)","decl":{"start":{"line":62,"column":24},"end":{"line":62,"column":25}},"loc":{"start":{"line":62,"column":47},"end":{"line":84,"column":2}},"line":62},"9":{"name":"(anonymous_9)","decl":{"start":{"line":86,"column":22},"end":{"line":86,"column":23}},"loc":{"start":{"line":86,"column":28},"end":{"line":89,"column":2}},"line":86},"10":{"name":"(anonymous_10)","decl":{"start":{"line":108,"column":24},"end":{"line":108,"column":25}},"loc":{"start":{"line":108,"column":35},"end":{"line":113,"column":1}},"line":108},"11":{"name":"(anonymous_11)","decl":{"start":{"line":115,"column":24},"end":{"line":115,"column":25}},"loc":{"start":{"line":115,"column":38},"end":{"line":129,"column":1}},"line":115},"12":{"name":"(anonymous_12)","decl":{"start":{"line":117,"column":20},"end":{"line":117,"column":21}},"loc":{"start":{"line":117,"column":26},"end":{"line":117,"column":68}},"line":117},"13":{"name":"(anonymous_13)","decl":{"start":{"line":118,"column":17},"end":{"line":118,"column":18}},"loc":{"start":{"line":118,"column":25},"end":{"line":118,"column":72}},"line":118},"14":{"name":"(anonymous_14)","decl":{"start":{"line":119,"column":14},"end":{"line":119,"column":15}},"loc":{"start":{"line":120,"column":3},"end":{"line":127,"column":5}},"line":120}},"branchMap":{"0":{"loc":{"start":{"line":19,"column":2},"end":{"line":21,"column":3}},"type":"if","locations":[{"start":{"line":19,"column":2},"end":{"line":21,"column":3}},{"start":{"line":19,"column":2},"end":{"line":21,"column":3}}],"line":19},"1":{"loc":{"start":{"line":23,"column":2},"end":{"line":27,"column":3}},"type":"if","locations":[{"start":{"line":23,"column":2},"end":{"line":27,"column":3}},{"start":{"line":23,"column":2},"end":{"line":27,"column":3}}],"line":23},"2":{"loc":{"start":{"line":33,"column":2},"end":{"line":55,"column":3}},"type":"if","locations":[{"start":{"line":33,"column":2},"end":{"line":55,"column":3}},{"start":{"line":33,"column":2},"end":{"line":55,"column":3}}],"line":33},"3":{"loc":{"start":{"line":67,"column":2},"end":{"line":83,"column":3}},"type":"if","locations":[{"start":{"line":67,"column":2},"end":{"line":83,"column":3}},{"start":{"line":67,"column":2},"end":{"line":83,"column":3}}],"line":67}},"s":{"0":1,"1":14,"2":14,"3":14,"4":14,"5":3,"6":3,"7":3,"8":1,"9":3,"10":2,"11":1,"12":14,"13":7,"14":7,"15":7,"16":36,"17":7,"18":11,"19":1,"20":2,"21":7,"22":14,"23":1,"24":14,"25":2,"26":2,"27":2,"28":2,"29":1,"30":1,"31":1,"32":1,"33":1,"34":1,"35":1,"36":1,"37":1,"38":1,"39":1,"40":1,"41":14,"42":1,"43":1,"44":14,"45":1,"46":9,"47":1,"48":3,"49":2,"50":1,"51":1},"f":{"0":14,"1":3,"2":7,"3":36,"4":11,"5":1,"6":2,"7":1,"8":2,"9":1,"10":9,"11":3,"12":2,"13":1,"14":1},"b":{"0":[1,2],"1":[2,1],"2":[7,0],"3":[1,1]},"_coverageSchema":"43e27e138ebf9cfc5966b082cf9a028302ed4184","hash":"402fc01a8d47582ad1653d723ac25c1f5402b0c7"}
,"C:\\Users\\dhusnieh\\Desktop\\work\\node-training\\todo\\src\\services\\loginRequset.js": {"path":"C:\\Users\\dhusnieh\\Desktop\\work\\node-training\\todo\\src\\services\\loginRequset.js","statementMap":{"0":{"start":{"line":3,"column":21},"end":{"line":8,"column":1}},"1":{"start":{"line":4,"column":1},"end":{"line":7,"column":4}}},"fnMap":{"0":{"name":"(anonymous_0)","decl":{"start":{"line":3,"column":21},"end":{"line":3,"column":22}},"loc":{"start":{"line":3,"column":33},"end":{"line":8,"column":1}},"line":3}},"branchMap":{},"s":{"0":2,"1":0},"f":{"0":0},"b":{},"_coverageSchema":"43e27e138ebf9cfc5966b082cf9a028302ed4184","hash":"9d51916a5233425b2bc305fb864911b1a95cd760"}
,"C:\\Users\\dhusnieh\\Desktop\\work\\node-training\\todo\\src\\services\\todoListRequest.js": {"path":"C:\\Users\\dhusnieh\\Desktop\\work\\node-training\\todo\\src\\services\\todoListRequest.js","statementMap":{"0":{"start":{"line":3,"column":20},"end":{"line":8,"column":1}},"1":{"start":{"line":4,"column":1},"end":{"line":7,"column":4}}},"fnMap":{"0":{"name":"(anonymous_0)","decl":{"start":{"line":3,"column":20},"end":{"line":3,"column":21}},"loc":{"start":{"line":3,"column":32},"end":{"line":8,"column":1}},"line":3}},"branchMap":{},"s":{"0":2,"1":1},"f":{"0":1},"b":{},"_coverageSchema":"43e27e138ebf9cfc5966b082cf9a028302ed4184","hash":"124c48011a4374483c5931445f246de538b67e82"}
,"C:\\Users\\dhusnieh\\Desktop\\work\\node-training\\todo\\src\\store\\RootReducer.js": {"path":"C:\\Users\\dhusnieh\\Desktop\\work\\node-training\\todo\\src\\store\\RootReducer.js","statementMap":{"0":{"start":{"line":5,"column":20},"end":{"line":8,"column":2}}},"fnMap":{},"branchMap":{},"s":{"0":2},"f":{},"b":{},"_coverageSchema":"43e27e138ebf9cfc5966b082cf9a028302ed4184","hash":"cfb53c0114164335727473c8b014b3a27bb76191"}
,"C:\\Users\\dhusnieh\\Desktop\\work\\node-training\\todo\\src\\store\\RootSage.js": {"path":"C:\\Users\\dhusnieh\\Desktop\\work\\node-training\\todo\\src\\store\\RootSage.js","statementMap":{"0":{"start":{"line":6,"column":1},"end":{"line":6,"column":53}}},"fnMap":{"0":{"name":"RootSage","decl":{"start":{"line":5,"column":25},"end":{"line":5,"column":33}},"loc":{"start":{"line":5,"column":36},"end":{"line":7,"column":1}},"line":5}},"branchMap":{},"s":{"0":2},"f":{"0":2},"b":{},"_coverageSchema":"43e27e138ebf9cfc5966b082cf9a028302ed4184","hash":"c61f887776a05be66c734f2341103e0a0cacae5a"}
,"C:\\Users\\dhusnieh\\Desktop\\work\\node-training\\todo\\src\\store\\RootStore.js": {"path":"C:\\Users\\dhusnieh\\Desktop\\work\\node-training\\todo\\src\\store\\RootStore.js","statementMap":{"0":{"start":{"line":7,"column":23},"end":{"line":7,"column":45}},"1":{"start":{"line":8,"column":14},"end":{"line":8,"column":92}},"2":{"start":{"line":9,"column":0},"end":{"line":9,"column":29}}},"fnMap":{},"branchMap":{},"s":{"0":2,"1":2,"2":2},"f":{},"b":{},"_coverageSchema":"43e27e138ebf9cfc5966b082cf9a028302ed4184","hash":"eac920e0926a74b913f650d558ed09479cdcacfe"}
,"C:\\Users\\dhusnieh\\Desktop\\work\\node-training\\todo\\src\\store\\login\\Action.js": {"path":"C:\\Users\\dhusnieh\\Desktop\\work\\node-training\\todo\\src\\store\\login\\Action.js","statementMap":{"0":{"start":{"line":3,"column":26},"end":{"line":3,"column":59}},"1":{"start":{"line":4,"column":27},"end":{"line":4,"column":61}},"2":{"start":{"line":5,"column":24},"end":{"line":5,"column":55}}},"fnMap":{},"branchMap":{},"s":{"0":2,"1":2,"2":2},"f":{},"b":{},"_coverageSchema":"43e27e138ebf9cfc5966b082cf9a028302ed4184","hash":"af196b5f59c890b95957046182359e2f7b295275"}
,"C:\\Users\\dhusnieh\\Desktop\\work\\node-training\\todo\\src\\store\\login\\Reducer.js": {"path":"C:\\Users\\dhusnieh\\Desktop\\work\\node-training\\todo\\src\\store\\login\\Reducer.js","statementMap":{"0":{"start":{"line":3,"column":28},"end":{"line":6,"column":1}},"1":{"start":{"line":8,"column":16},"end":{"line":21,"column":2}},"2":{"start":{"line":9,"column":42},"end":{"line":12,"column":2}},"3":{"start":{"line":13,"column":43},"end":{"line":16,"column":2}},"4":{"start":{"line":17,"column":40},"end":{"line":20,"column":2}}},"fnMap":{"0":{"name":"(anonymous_0)","decl":{"start":{"line":9,"column":22},"end":{"line":9,"column":23}},"loc":{"start":{"line":9,"column":42},"end":{"line":12,"column":2}},"line":9},"1":{"name":"(anonymous_1)","decl":{"start":{"line":13,"column":23},"end":{"line":13,"column":24}},"loc":{"start":{"line":13,"column":43},"end":{"line":16,"column":2}},"line":13},"2":{"name":"(anonymous_2)","decl":{"start":{"line":17,"column":20},"end":{"line":17,"column":21}},"loc":{"start":{"line":17,"column":40},"end":{"line":20,"column":2}},"line":17}},"branchMap":{},"s":{"0":2,"1":2,"2":1,"3":0,"4":0},"f":{"0":1,"1":0,"2":0},"b":{},"_coverageSchema":"43e27e138ebf9cfc5966b082cf9a028302ed4184","hash":"5b22cef9d74b59d27c1ea4129121ed6aa629d820"}
,"C:\\Users\\dhusnieh\\Desktop\\work\\node-training\\todo\\src\\store\\login\\Sage.js": {"path":"C:\\Users\\dhusnieh\\Desktop\\work\\node-training\\todo\\src\\store\\login\\Sage.js","statementMap":{"0":{"start":{"line":6,"column":1},"end":{"line":11,"column":2}},"1":{"start":{"line":7,"column":18},"end":{"line":7,"column":42}},"2":{"start":{"line":8,"column":2},"end":{"line":8,"column":46}},"3":{"start":{"line":10,"column":2},"end":{"line":10,"column":36}},"4":{"start":{"line":15,"column":1},"end":{"line":15,"column":48}}},"fnMap":{"0":{"name":"getApiData","decl":{"start":{"line":5,"column":17},"end":{"line":5,"column":27}},"loc":{"start":{"line":5,"column":36},"end":{"line":12,"column":1}},"line":5},"1":{"name":"watchLOGINREQUEST","decl":{"start":{"line":14,"column":17},"end":{"line":14,"column":34}},"loc":{"start":{"line":14,"column":37},"end":{"line":16,"column":1}},"line":14}},"branchMap":{},"s":{"0":0,"1":0,"2":0,"3":0,"4":2},"f":{"0":0,"1":2},"b":{},"_coverageSchema":"43e27e138ebf9cfc5966b082cf9a028302ed4184","hash":"7c2052ed330d8ea655b140a28db3c0b3fd6fd951"}
,"C:\\Users\\dhusnieh\\Desktop\\work\\node-training\\todo\\src\\store\\todoList\\Action.js": {"path":"C:\\Users\\dhusnieh\\Desktop\\work\\node-training\\todo\\src\\store\\todoList\\Action.js","statementMap":{"0":{"start":{"line":3,"column":29},"end":{"line":3,"column":65}},"1":{"start":{"line":4,"column":31},"end":{"line":4,"column":69}},"2":{"start":{"line":5,"column":28},"end":{"line":5,"column":63}},"3":{"start":{"line":6,"column":20},"end":{"line":6,"column":47}},"4":{"start":{"line":7,"column":18},"end":{"line":7,"column":43}},"5":{"start":{"line":8,"column":17},"end":{"line":8,"column":41}}},"fnMap":{},"branchMap":{},"s":{"0":2,"1":2,"2":2,"3":2,"4":2,"5":2},"f":{},"b":{},"_coverageSchema":"43e27e138ebf9cfc5966b082cf9a028302ed4184","hash":"8c323d33793d0d82d5c6bb922f854efa1c00fcc9"}
,"C:\\Users\\dhusnieh\\Desktop\\work\\node-training\\todo\\src\\store\\todoList\\Reducer.js": {"path":"C:\\Users\\dhusnieh\\Desktop\\work\\node-training\\todo\\src\\store\\todoList\\Reducer.js","statementMap":{"0":{"start":{"line":10,"column":28},"end":{"line":13,"column":1}},"1":{"start":{"line":15,"column":16},"end":{"line":68,"column":2}},"2":{"start":{"line":16,"column":45},"end":{"line":19,"column":2}},"3":{"start":{"line":20,"column":47},"end":{"line":23,"column":2}},"4":{"start":{"line":24,"column":44},"end":{"line":27,"column":2}},"5":{"start":{"line":29,"column":23},"end":{"line":29,"column":87}},"6":{"start":{"line":29,"column":57},"end":{"line":29,"column":86}},"7":{"start":{"line":30,"column":2},"end":{"line":33,"column":4}},"8":{"start":{"line":36,"column":21},"end":{"line":41,"column":3}},"9":{"start":{"line":42,"column":23},"end":{"line":48,"column":4}},"10":{"start":{"line":43,"column":3},"end":{"line":47,"column":4}},"11":{"start":{"line":44,"column":4},"end":{"line":44,"column":38}},"12":{"start":{"line":46,"column":4},"end":{"line":46,"column":16}},"13":{"start":{"line":49,"column":2},"end":{"line":52,"column":4}},"14":{"start":{"line":55,"column":17},"end":{"line":55,"column":43}},"15":{"start":{"line":56,"column":21},"end":{"line":61,"column":3}},"16":{"start":{"line":63,"column":2},"end":{"line":66,"column":4}}},"fnMap":{"0":{"name":"(anonymous_0)","decl":{"start":{"line":16,"column":25},"end":{"line":16,"column":26}},"loc":{"start":{"line":16,"column":45},"end":{"line":19,"column":2}},"line":16},"1":{"name":"(anonymous_1)","decl":{"start":{"line":20,"column":27},"end":{"line":20,"column":28}},"loc":{"start":{"line":20,"column":47},"end":{"line":23,"column":2}},"line":20},"2":{"name":"(anonymous_2)","decl":{"start":{"line":24,"column":24},"end":{"line":24,"column":25}},"loc":{"start":{"line":24,"column":44},"end":{"line":27,"column":2}},"line":24},"3":{"name":"(anonymous_3)","decl":{"start":{"line":28,"column":16},"end":{"line":28,"column":17}},"loc":{"start":{"line":28,"column":35},"end":{"line":34,"column":2}},"line":28},"4":{"name":"(anonymous_4)","decl":{"start":{"line":29,"column":45},"end":{"line":29,"column":46}},"loc":{"start":{"line":29,"column":57},"end":{"line":29,"column":86}},"line":29},"5":{"name":"(anonymous_5)","decl":{"start":{"line":35,"column":14},"end":{"line":35,"column":15}},"loc":{"start":{"line":35,"column":33},"end":{"line":53,"column":2}},"line":35},"6":{"name":"(anonymous_6)","decl":{"start":{"line":42,"column":42},"end":{"line":42,"column":43}},"loc":{"start":{"line":42,"column":59},"end":{"line":48,"column":3}},"line":42},"7":{"name":"(anonymous_7)","decl":{"start":{"line":54,"column":13},"end":{"line":54,"column":14}},"loc":{"start":{"line":54,"column":32},"end":{"line":67,"column":2}},"line":54}},"branchMap":{"0":{"loc":{"start":{"line":43,"column":3},"end":{"line":47,"column":4}},"type":"if","locations":[{"start":{"line":43,"column":3},"end":{"line":47,"column":4}},{"start":{"line":43,"column":3},"end":{"line":47,"column":4}}],"line":43}},"s":{"0":2,"1":2,"2":2,"3":0,"4":0,"5":1,"6":5,"7":1,"8":1,"9":1,"10":6,"11":1,"12":5,"13":1,"14":2,"15":2,"16":2},"f":{"0":2,"1":0,"2":0,"3":1,"4":5,"5":1,"6":6,"7":2},"b":{"0":[1,5]},"_coverageSchema":"43e27e138ebf9cfc5966b082cf9a028302ed4184","hash":"abcb26e915b32727e0e24deb0766d6d0cfc7171e"}
,"C:\\Users\\dhusnieh\\Desktop\\work\\node-training\\todo\\src\\store\\todoList\\Saga.js": {"path":"C:\\Users\\dhusnieh\\Desktop\\work\\node-training\\todo\\src\\store\\todoList\\Saga.js","statementMap":{"0":{"start":{"line":5,"column":1},"end":{"line":10,"column":2}},"1":{"start":{"line":6,"column":18},"end":{"line":6,"column":57}},"2":{"start":{"line":7,"column":2},"end":{"line":7,"column":50}},"3":{"start":{"line":9,"column":2},"end":{"line":9,"column":40}},"4":{"start":{"line":14,"column":1},"end":{"line":14,"column":51}}},"fnMap":{"0":{"name":"getApiData","decl":{"start":{"line":4,"column":17},"end":{"line":4,"column":27}},"loc":{"start":{"line":4,"column":36},"end":{"line":11,"column":1}},"line":4},"1":{"name":"watchAPIREQUEST","decl":{"start":{"line":13,"column":17},"end":{"line":13,"column":32}},"loc":{"start":{"line":13,"column":35},"end":{"line":15,"column":1}},"line":13}},"branchMap":{},"s":{"0":1,"1":1,"2":0,"3":0,"4":2},"f":{"0":1,"1":2},"b":{},"_coverageSchema":"43e27e138ebf9cfc5966b082cf9a028302ed4184","hash":"0cd732f4bd593a08b347faf4af7c0e396677b718"}
}
