TN:
SF:C:\Users\dhusnieh\Desktop\work\node-training\todo\src\App.js
FN:7,App
FNF:1
FNH:0
FNDA:0,App
DA:8,0
LF:1
LH:0
BRF:0
BRH:0
end_of_record
TN:
SF:C:\Users\dhusnieh\Desktop\work\node-training\todo\src\index.js
FNF:0
FNH:0
DA:9,0
DA:21,0
LF:2
LH:0
BRF:0
BRH:0
end_of_record
TN:
SF:C:\Users\dhusnieh\Desktop\work\node-training\todo\src\serviceWorker.js
FN:23,register
FN:34,(anonymous_1)
FN:43,(anonymous_2)
FN:57,registerValidSW
FN:60,(anonymous_4)
FN:61,(anonymous_5)
FN:66,(anonymous_6)
FN:96,(anonymous_7)
FN:101,checkValidServiceWorker
FN:106,(anonymous_9)
FN:114,(anonymous_10)
FN:115,(anonymous_11)
FN:124,(anonymous_12)
FN:131,unregister
FN:134,(anonymous_14)
FN:137,(anonymous_15)
FNF:16
FNH:0
FNDA:0,register
FNDA:0,(anonymous_1)
FNDA:0,(anonymous_2)
FNDA:0,registerValidSW
FNDA:0,(anonymous_4)
FNDA:0,(anonymous_5)
FNDA:0,(anonymous_6)
FNDA:0,(anonymous_7)
FNDA:0,checkValidServiceWorker
FNDA:0,(anonymous_9)
FNDA:0,(anonymous_10)
FNDA:0,(anonymous_11)
FNDA:0,(anonymous_12)
FNDA:0,unregister
FNDA:0,(anonymous_14)
FNDA:0,(anonymous_15)
DA:13,0
DA:24,0
DA:26,0
DA:27,0
DA:31,0
DA:34,0
DA:35,0
DA:37,0
DA:39,0
DA:43,0
DA:44,0
DA:51,0
DA:58,0
DA:61,0
DA:62,0
DA:63,0
DA:64,0
DA:66,0
DA:67,0
DA:68,0
DA:72,0
DA:78,0
DA:79,0
DA:85,0
DA:88,0
DA:89,0
DA:97,0
DA:103,0
DA:108,0
DA:109,0
DA:114,0
DA:115,0
DA:116,0
DA:121,0
DA:125,0
DA:132,0
DA:133,0
DA:135,0
DA:138,0
LF:39
LH:0
BRDA:14,0,0,0
BRDA:14,0,1,0
BRDA:14,0,2,0
BRDA:24,1,0,0
BRDA:24,1,1,0
BRDA:24,2,0,0
BRDA:24,2,1,0
BRDA:27,3,0,0
BRDA:27,3,1,0
BRDA:37,4,0,0
BRDA:37,4,1,0
BRDA:63,5,0,0
BRDA:63,5,1,0
BRDA:67,6,0,0
BRDA:67,6,1,0
BRDA:68,7,0,0
BRDA:68,7,1,0
BRDA:78,8,0,0
BRDA:78,8,1,0
BRDA:78,9,0,0
BRDA:78,9,1,0
BRDA:88,10,0,0
BRDA:88,10,1,0
BRDA:88,11,0,0
BRDA:88,11,1,0
BRDA:109,12,0,0
BRDA:109,12,1,0
BRDA:110,13,0,0
BRDA:110,13,1,0
BRDA:110,13,2,0
BRDA:132,14,0,0
BRDA:132,14,1,0
BRF:32
BRH:0
end_of_record
TN:
SF:C:\Users\dhusnieh\Desktop\work\node-training\todo\src\sum.js
FN:1,sum
FNF:1
FNH:0
FNDA:0,sum
DA:2,0
DA:4,0
LF:2
LH:0
BRF:0
BRH:0
end_of_record
TN:
SF:C:\Users\dhusnieh\Desktop\work\node-training\todo\src\sum.testa.js
FN:3,(anonymous_0)
FNF:1
FNH:0
FNDA:0,(anonymous_0)
DA:1,0
DA:3,0
DA:5,0
LF:3
LH:0
BRF:0
BRH:0
end_of_record
TN:
SF:C:\Users\dhusnieh\Desktop\work\node-training\todo\src\component\CreateItem.js
FN:14,(anonymous_0)
FN:18,(anonymous_1)
FN:23,(anonymous_2)
FN:41,(anonymous_3)
FN:41,(anonymous_4)
FN:58,(anonymous_5)
FN:60,(anonymous_6)
FN:73,(anonymous_7)
FN:79,(anonymous_8)
FN:81,(anonymous_9)
FNF:10
FNH:9
FNDA:9,(anonymous_0)
FNDA:2,(anonymous_1)
FNDA:9,(anonymous_2)
FNDA:9,(anonymous_3)
FNDA:0,(anonymous_4)
FNDA:1,(anonymous_5)
FNDA:1,(anonymous_6)
FNDA:9,(anonymous_7)
FNDA:3,(anonymous_8)
FNDA:2,(anonymous_9)
DA:14,1
DA:15,9
DA:16,9
DA:18,9
DA:19,2
DA:20,2
DA:23,9
DA:38,9
DA:39,9
DA:41,9
DA:42,0
DA:45,9
DA:58,1
DA:60,1
DA:73,1
DA:74,9
DA:79,1
DA:80,3
DA:82,2
LF:19
LH:18
BRDA:42,0,0,0
BRDA:42,0,1,0
BRF:2
BRH:0
end_of_record
TN:
SF:C:\Users\dhusnieh\Desktop\work\node-training\todo\src\component\Item.js
FN:13,Item
FN:14,(anonymous_1)
FNF:2
FNH:2
FNDA:11,Item
FNDA:11,(anonymous_1)
DA:14,11
DA:19,11
DA:21,11
LF:3
LH:3
BRF:0
BRH:0
end_of_record
TN:
SF:C:\Users\dhusnieh\Desktop\work\node-training\todo\src\pages\Login.js
FN:9,Login
FN:14,(anonymous_1)
FN:18,(anonymous_2)
FN:22,(anonymous_3)
FN:40,(anonymous_4)
FN:49,(anonymous_5)
FN:61,(anonymous_6)
FN:68,(anonymous_7)
FN:70,(anonymous_8)
FNF:9
FNH:9
FNDA:5,Login
FNDA:1,(anonymous_1)
FNDA:4,(anonymous_2)
FNDA:8,(anonymous_3)
FNDA:1,(anonymous_4)
FNDA:1,(anonymous_5)
FNDA:3,(anonymous_6)
FNDA:2,(anonymous_7)
FNDA:1,(anonymous_8)
DA:10,5
DA:11,5
DA:12,5
DA:14,5
DA:15,1
DA:18,5
DA:19,4
DA:20,4
DA:22,4
DA:23,8
DA:24,1
DA:25,1
DA:31,5
DA:40,1
DA:49,1
DA:61,1
DA:62,3
DA:68,1
DA:69,2
DA:70,1
LF:20
LH:20
BRDA:19,0,0,4
BRDA:19,0,1,0
BRDA:23,1,0,1
BRDA:23,1,1,7
BRDA:23,2,0,8
BRDA:23,2,1,2
BRF:6
BRH:5
end_of_record
TN:
SF:C:\Users\dhusnieh\Desktop\work\node-training\todo\src\pages\TodoList.js
FN:10,(anonymous_0)
FN:15,(anonymous_1)
FN:30,(anonymous_2)
FN:35,(anonymous_3)
FN:39,(anonymous_4)
FN:45,(anonymous_5)
FN:46,(anonymous_6)
FN:58,(anonymous_7)
FN:62,(anonymous_8)
FN:86,(anonymous_9)
FN:108,(anonymous_10)
FN:115,(anonymous_11)
FN:117,(anonymous_12)
FN:118,(anonymous_13)
FN:119,(anonymous_14)
FNF:15
FNH:15
FNDA:14,(anonymous_0)
FNDA:3,(anonymous_1)
FNDA:7,(anonymous_2)
FNDA:36,(anonymous_3)
FNDA:11,(anonymous_4)
FNDA:1,(anonymous_5)
FNDA:2,(anonymous_6)
FNDA:1,(anonymous_7)
FNDA:2,(anonymous_8)
FNDA:1,(anonymous_9)
FNDA:9,(anonymous_10)
FNDA:3,(anonymous_11)
FNDA:2,(anonymous_12)
FNDA:1,(anonymous_13)
FNDA:1,(anonymous_14)
DA:10,1
DA:11,14
DA:12,14
DA:13,14
DA:15,14
DA:16,3
DA:18,3
DA:19,3
DA:20,1
DA:23,3
DA:24,2
DA:26,1
DA:30,14
DA:33,7
DA:34,7
DA:35,7
DA:36,36
DA:39,7
DA:40,11
DA:45,1
DA:46,2
DA:54,7
DA:58,14
DA:59,1
DA:62,14
DA:63,2
DA:64,2
DA:65,2
DA:67,2
DA:68,1
DA:69,1
DA:70,1
DA:71,1
DA:72,1
DA:73,1
DA:75,1
DA:77,1
DA:78,1
DA:79,1
DA:80,1
DA:82,1
DA:86,14
DA:87,1
DA:88,1
DA:90,14
DA:108,1
DA:109,9
DA:115,1
DA:116,3
DA:117,2
DA:118,1
DA:120,1
LF:52
LH:52
BRDA:19,0,0,1
BRDA:19,0,1,2
BRDA:23,1,0,2
BRDA:23,1,1,1
BRDA:33,2,0,7
BRDA:33,2,1,0
BRDA:67,3,0,1
BRDA:67,3,1,1
BRF:8
BRH:7
end_of_record
TN:
SF:C:\Users\dhusnieh\Desktop\work\node-training\todo\src\services\loginRequset.js
FN:3,(anonymous_0)
FNF:1
FNH:0
FNDA:0,(anonymous_0)
DA:3,2
DA:4,0
LF:2
LH:1
BRF:0
BRH:0
end_of_record
TN:
SF:C:\Users\dhusnieh\Desktop\work\node-training\todo\src\services\todoListRequest.js
FN:3,(anonymous_0)
FNF:1
FNH:1
FNDA:1,(anonymous_0)
DA:3,2
DA:4,1
LF:2
LH:2
BRF:0
BRH:0
end_of_record
TN:
SF:C:\Users\dhusnieh\Desktop\work\node-training\todo\src\store\RootReducer.js
FNF:0
FNH:0
DA:5,2
LF:1
LH:1
BRF:0
BRH:0
end_of_record
TN:
SF:C:\Users\dhusnieh\Desktop\work\node-training\todo\src\store\RootSage.js
FN:5,RootSage
FNF:1
FNH:1
FNDA:2,RootSage
DA:6,2
LF:1
LH:1
BRF:0
BRH:0
end_of_record
TN:
SF:C:\Users\dhusnieh\Desktop\work\node-training\todo\src\store\RootStore.js
FNF:0
FNH:0
DA:7,2
DA:8,2
DA:9,2
LF:3
LH:3
BRF:0
BRH:0
end_of_record
TN:
SF:C:\Users\dhusnieh\Desktop\work\node-training\todo\src\store\login\Action.js
FNF:0
FNH:0
DA:3,2
DA:4,2
DA:5,2
LF:3
LH:3
BRF:0
BRH:0
end_of_record
TN:
SF:C:\Users\dhusnieh\Desktop\work\node-training\todo\src\store\login\Reducer.js
FN:9,(anonymous_0)
FN:13,(anonymous_1)
FN:17,(anonymous_2)
FNF:3
FNH:1
FNDA:1,(anonymous_0)
FNDA:0,(anonymous_1)
FNDA:0,(anonymous_2)
DA:3,2
DA:8,2
DA:9,1
DA:13,0
DA:17,0
LF:5
LH:3
BRF:0
BRH:0
end_of_record
TN:
SF:C:\Users\dhusnieh\Desktop\work\node-training\todo\src\store\login\Sage.js
FN:5,getApiData
FN:14,watchLOGINREQUEST
FNF:2
FNH:1
FNDA:0,getApiData
FNDA:2,watchLOGINREQUEST
DA:6,0
DA:7,0
DA:8,0
DA:10,0
DA:15,2
LF:5
LH:1
BRF:0
BRH:0
end_of_record
TN:
SF:C:\Users\dhusnieh\Desktop\work\node-training\todo\src\store\todoList\Action.js
FNF:0
FNH:0
DA:3,2
DA:4,2
DA:5,2
DA:6,2
DA:7,2
DA:8,2
LF:6
LH:6
BRF:0
BRH:0
end_of_record
TN:
SF:C:\Users\dhusnieh\Desktop\work\node-training\todo\src\store\todoList\Reducer.js
FN:16,(anonymous_0)
FN:20,(anonymous_1)
FN:24,(anonymous_2)
FN:28,(anonymous_3)
FN:29,(anonymous_4)
FN:35,(anonymous_5)
FN:42,(anonymous_6)
FN:54,(anonymous_7)
FNF:8
FNH:6
FNDA:2,(anonymous_0)
FNDA:0,(anonymous_1)
FNDA:0,(anonymous_2)
FNDA:1,(anonymous_3)
FNDA:5,(anonymous_4)
FNDA:1,(anonymous_5)
FNDA:6,(anonymous_6)
FNDA:2,(anonymous_7)
DA:10,2
DA:15,2
DA:16,2
DA:20,0
DA:24,0
DA:29,5
DA:30,1
DA:36,1
DA:42,1
DA:43,6
DA:44,1
DA:46,5
DA:49,1
DA:55,2
DA:56,2
DA:63,2
LF:16
LH:14
BRDA:43,0,0,1
BRDA:43,0,1,5
BRF:2
BRH:2
end_of_record
TN:
SF:C:\Users\dhusnieh\Desktop\work\node-training\todo\src\store\todoList\Saga.js
FN:4,getApiData
FN:13,watchAPIREQUEST
FNF:2
FNH:2
FNDA:1,getApiData
FNDA:2,watchAPIREQUEST
DA:5,1
DA:6,1
DA:7,0
DA:9,0
DA:14,2
LF:5
LH:3
BRF:0
BRH:0
end_of_record
